quizz_a_p_p/build/app/intermediates/manifest_merge_blame_file/debug/processDebugMainManifest/manifest-merger-blame-debug-report.txt
1<?xml version="1.0" encoding="utf-8"?>
2<manifest xmlns:android="http://schemas.android.com/apk/res/android"
3    package="com.mycompany.quizzapp"
4    android:versionCode="22"
5    android:versionName="22.0.0" >
6
7    <uses-sdk
8        android:minSdkVersion="23"
9        android:targetSdkVersion="34" />
10    <!--
11         Flutter needs it to communicate with the running application
12         to allow setting breakpoints, to provide hot reload, etc.
13    -->
14    <uses-permission android:name="android.permission.INTERNET" />
14-->src\main\AndroidManifest.xml:4:5-66
14-->src\main\AndroidManifest.xml:4:22-64
15    <!-- Although the *SdkVersion is captured in gradle build files, this is required for non gradle builds -->
16    <!-- <uses-sdk android:minSdkVersion="21" /> -->
17    <uses-permission android:name="android.permission.ACCESS_NETWORK_STATE" />
17-->[com.google.firebase:firebase-firestore:25.1.1] AndroidManifest.xml:10:5-79
17-->[com.google.firebase:firebase-firestore:25.1.1] AndroidManifest.xml:10:22-76
18    <uses-permission android:name="com.google.android.gms.permission.AD_ID" />
18-->[com.google.android.gms:play-services-ads-lite:23.0.0] AndroidManifest.xml:26:5-79
18-->[com.google.android.gms:play-services-ads-lite:23.0.0] AndroidManifest.xml:26:22-76
19    <uses-permission android:name="android.permission.ACCESS_ADSERVICES_AD_ID" />
19-->[com.google.android.gms:play-services-ads-lite:23.0.0] AndroidManifest.xml:27:5-82
19-->[com.google.android.gms:play-services-ads-lite:23.0.0] AndroidManifest.xml:27:22-79
20    <uses-permission android:name="android.permission.ACCESS_ADSERVICES_ATTRIBUTION" />
20-->[com.google.android.gms:play-services-ads-lite:23.0.0] AndroidManifest.xml:28:5-88
20-->[com.google.android.gms:play-services-ads-lite:23.0.0] AndroidManifest.xml:28:22-85
21    <uses-permission android:name="android.permission.ACCESS_ADSERVICES_TOPICS" /> <!-- Android package visibility setting -->
21-->[com.google.android.gms:play-services-ads-lite:23.0.0] AndroidManifest.xml:29:5-83
21-->[com.google.android.gms:play-services-ads-lite:23.0.0] AndroidManifest.xml:29:22-80
22    <queries>
22-->[com.google.android.gms:play-services-ads-lite:23.0.0] AndroidManifest.xml:35:5-51:15
23
24        <!-- For browser content -->
25        <intent>
25-->[com.google.android.gms:play-services-ads-lite:23.0.0] AndroidManifest.xml:38:9-44:18
26            <action android:name="android.intent.action.VIEW" />
26-->src\main\AndroidManifest.xml:45:17-69
26-->src\main\AndroidManifest.xml:45:25-66
27
28            <category android:name="android.intent.category.BROWSABLE" />
28-->src\main\AndroidManifest.xml:47:17-78
28-->src\main\AndroidManifest.xml:47:27-75
29
30            <data android:scheme="https" />
30-->src\main\AndroidManifest.xml:48:17-79
30-->src\main\AndroidManifest.xml:48:23-48
31        </intent>
32        <!-- End of browser content -->
33        <!-- For CustomTabsService -->
34        <intent>
34-->[com.google.android.gms:play-services-ads-lite:23.0.0] AndroidManifest.xml:47:9-49:18
35            <action android:name="android.support.customtabs.action.CustomTabsService" />
35-->[com.google.android.gms:play-services-ads-lite:23.0.0] AndroidManifest.xml:48:13-90
35-->[com.google.android.gms:play-services-ads-lite:23.0.0] AndroidManifest.xml:48:21-87
36        </intent>
37        <!-- End of CustomTabsService -->
38    </queries>
39
40    <uses-permission android:name="android.permission.WAKE_LOCK" />
40-->[androidx.work:work-runtime:2.7.0] AndroidManifest.xml:25:5-68
40-->[androidx.work:work-runtime:2.7.0] AndroidManifest.xml:25:22-65
41    <uses-permission android:name="android.permission.FOREGROUND_SERVICE" />
41-->[androidx.work:work-runtime:2.7.0] AndroidManifest.xml:28:5-77
41-->[androidx.work:work-runtime:2.7.0] AndroidManifest.xml:28:22-74
42
43    <permission
43-->[androidx.core:core:1.13.1] AndroidManifest.xml:22:5-24:47
44        android:name="com.mycompany.quizzapp.DYNAMIC_RECEIVER_NOT_EXPORTED_PERMISSION"
44-->[androidx.core:core:1.13.1] AndroidManifest.xml:23:9-81
45        android:protectionLevel="signature" />
45-->[androidx.core:core:1.13.1] AndroidManifest.xml:24:9-44
46
47    <uses-permission android:name="com.mycompany.quizzapp.DYNAMIC_RECEIVER_NOT_EXPORTED_PERMISSION" />
47-->[androidx.core:core:1.13.1] AndroidManifest.xml:26:5-97
47-->[androidx.core:core:1.13.1] AndroidManifest.xml:26:22-94
48
49    <application
49-->src\main\AndroidManifest.xml:7:5-63:19
50        android:appComponentFactory="androidx.core.app.CoreComponentFactory"
50-->[androidx.core:core:1.13.1] AndroidManifest.xml:28:18-86
51        android:debuggable="true"
52        android:extractNativeLibs="false"
53        android:icon="@mipmap/launcher_icon"
53-->src\main\AndroidManifest.xml:10:9-45
54        android:label="quizzAPP"
54-->src\main\AndroidManifest.xml:8:9-33
55        android:requestLegacyExternalStorage="true" >
55-->src\main\AndroidManifest.xml:11:9-52
56        <activity
56-->src\main\AndroidManifest.xml:13:9-51:20
57            android:name="com.mycompany.quizzapp.MainActivity"
57-->src\main\AndroidManifest.xml:14:13-41
58            android:configChanges="orientation|keyboardHidden|keyboard|screenSize|smallestScreenSize|locale|layoutDirection|fontScale|screenLayout|density|uiMode"
58-->src\main\AndroidManifest.xml:18:13-163
59            android:exported="true"
59-->src\main\AndroidManifest.xml:15:13-36
60            android:hardwareAccelerated="true"
60-->src\main\AndroidManifest.xml:19:13-47
61            android:launchMode="singleTop"
61-->src\main\AndroidManifest.xml:16:13-43
62            android:theme="@style/LaunchTheme"
62-->src\main\AndroidManifest.xml:17:13-47
63            android:windowSoftInputMode="adjustResize" >
63-->src\main\AndroidManifest.xml:20:13-55
64
65            <!--
66                 Specifies an Android theme to apply to this Activity as soon as
67                 the Android process has started. This theme is visible to the user
68                 while the Flutter UI initializes. After that, this theme continues
69                 to determine the Window background behind the Flutter UI.
70            -->
71            <meta-data
71-->src\main\AndroidManifest.xml:25:13-28:17
72                android:name="io.flutter.embedding.android.NormalTheme"
72-->src\main\AndroidManifest.xml:26:15-70
73                android:resource="@style/NormalTheme" />
73-->src\main\AndroidManifest.xml:27:15-52
74            <!--
75                 Displays an Android View that continues showing the launch screen
76                 Drawable until Flutter paints its first frame, then this splash
77                 screen fades out. A splash screen is useful to avoid any visual
78                 gap between the end of Android's launch screen and the painting of
79                 Flutter's first frame.
80            -->
81            <meta-data
81-->src\main\AndroidManifest.xml:34:13-37:17
82                android:name="io.flutter.embedding.android.SplashScreenDrawable"
82-->src\main\AndroidManifest.xml:35:15-79
83                android:resource="@drawable/launch_background" />
83-->src\main\AndroidManifest.xml:36:15-61
84
85            <intent-filter>
85-->src\main\AndroidManifest.xml:38:13-41:29
86                <action android:name="android.intent.action.MAIN" />
86-->src\main\AndroidManifest.xml:39:17-68
86-->src\main\AndroidManifest.xml:39:25-66
87
88                <category android:name="android.intent.category.LAUNCHER" />
88-->src\main\AndroidManifest.xml:40:17-76
88-->src\main\AndroidManifest.xml:40:27-74
89            </intent-filter>
90            <!-- Deep linking -->
91            <meta-data
91-->src\main\AndroidManifest.xml:43:13-90
92                android:name="flutter_deeplinking_enabled"
92-->src\main\AndroidManifest.xml:43:24-66
93                android:value="true" />
93-->src\main\AndroidManifest.xml:43:67-87
94
95            <intent-filter android:autoVerify="true" >
95-->src\main\AndroidManifest.xml:44:13-49:29
95-->src\main\AndroidManifest.xml:44:28-53
96                <action android:name="android.intent.action.VIEW" />
96-->src\main\AndroidManifest.xml:45:17-69
96-->src\main\AndroidManifest.xml:45:25-66
97
98                <category android:name="android.intent.category.DEFAULT" />
98-->src\main\AndroidManifest.xml:46:17-76
98-->src\main\AndroidManifest.xml:46:27-73
99                <category android:name="android.intent.category.BROWSABLE" />
99-->src\main\AndroidManifest.xml:47:17-78
99-->src\main\AndroidManifest.xml:47:27-75
100
101                <data
101-->src\main\AndroidManifest.xml:48:17-79
102                    android:host="quizzapp.com"
102-->src\main\AndroidManifest.xml:48:49-76
103                    android:scheme="quizzapp" />
103-->src\main\AndroidManifest.xml:48:23-48
104            </intent-filter>
105        </activity>
106
107        <!--
108             Don't delete the meta-data below.
109             This is used by the Flutter tool to generate GeneratedPluginRegistrant.java
110        -->
111        <meta-data
111-->src\main\AndroidManifest.xml:55:9-57:33
112            android:name="flutterEmbedding"
112-->src\main\AndroidManifest.xml:56:13-44
113            android:value="2" />
113-->src\main\AndroidManifest.xml:57:13-30
114        <meta-data
114-->src\main\AndroidManifest.xml:59:9-61:69
115            android:name="com.google.android.gms.ads.APPLICATION_ID"
115-->src\main\AndroidManifest.xml:60:13-69
116            android:value="ca-app-pub-5902757634604822~8456061789" />
116-->src\main\AndroidManifest.xml:61:13-67
117
118        <service
118-->[:cloud_firestore] AndroidManifest.xml:8:9-12:19
119            android:name="com.google.firebase.components.ComponentDiscoveryService"
119-->[:cloud_firestore] AndroidManifest.xml:8:18-89
120            android:directBootAware="true"
120-->[com.google.firebase:firebase-common:21.0.0] AndroidManifest.xml:32:13-43
121            android:exported="false" >
121-->[com.google.firebase:firebase-perf:21.0.2] AndroidManifest.xml:13:13-37
122            <meta-data
122-->[:cloud_firestore] AndroidManifest.xml:9:13-11:85
123                android:name="com.google.firebase.components:io.flutter.plugins.firebase.firestore.FlutterFirebaseFirestoreRegistrar"
123-->[:cloud_firestore] AndroidManifest.xml:10:17-134
124                android:value="com.google.firebase.components.ComponentRegistrar" />
124-->[:cloud_firestore] AndroidManifest.xml:11:17-82
125            <meta-data
125-->[:firebase_performance] AndroidManifest.xml:11:13-13:85
126                android:name="com.google.firebase.components:io.flutter.plugins.firebase.performance.FlutterFirebaseAppRegistrar"
126-->[:firebase_performance] AndroidManifest.xml:12:17-130
127                android:value="com.google.firebase.components.ComponentRegistrar" />
127-->[:firebase_performance] AndroidManifest.xml:13:17-82
128            <meta-data
128-->[:firebase_core] AndroidManifest.xml:9:13-11:85
129                android:name="com.google.firebase.components:io.flutter.plugins.firebase.core.FlutterFirebaseCoreRegistrar"
129-->[:firebase_core] AndroidManifest.xml:10:17-124
130                android:value="com.google.firebase.components.ComponentRegistrar" />
130-->[:firebase_core] AndroidManifest.xml:11:17-82
131            <meta-data
131-->[com.google.firebase:firebase-perf:21.0.2] AndroidManifest.xml:14:13-16:85
132                android:name="com.google.firebase.components:com.google.firebase.perf.FirebasePerfKtxRegistrar"
132-->[com.google.firebase:firebase-perf:21.0.2] AndroidManifest.xml:15:17-112
133                android:value="com.google.firebase.components.ComponentRegistrar" />
133-->[com.google.firebase:firebase-perf:21.0.2] AndroidManifest.xml:16:17-82
134            <meta-data
134-->[com.google.firebase:firebase-perf:21.0.2] AndroidManifest.xml:17:13-19:85
135                android:name="com.google.firebase.components:com.google.firebase.perf.FirebasePerfRegistrar"
135-->[com.google.firebase:firebase-perf:21.0.2] AndroidManifest.xml:18:17-109
136                android:value="com.google.firebase.components.ComponentRegistrar" />
136-->[com.google.firebase:firebase-perf:21.0.2] AndroidManifest.xml:19:17-82
137            <meta-data
137-->[com.google.firebase:firebase-sessions:2.0.0] AndroidManifest.xml:29:13-31:85
138                android:name="com.google.firebase.components:com.google.firebase.sessions.FirebaseSessionsRegistrar"
138-->[com.google.firebase:firebase-sessions:2.0.0] AndroidManifest.xml:30:17-117
139                android:value="com.google.firebase.components.ComponentRegistrar" />
139-->[com.google.firebase:firebase-sessions:2.0.0] AndroidManifest.xml:31:17-82
140            <meta-data
140-->[com.google.firebase:firebase-firestore:25.1.1] AndroidManifest.xml:17:13-19:85
141                android:name="com.google.firebase.components:com.google.firebase.firestore.FirebaseFirestoreKtxRegistrar"
141-->[com.google.firebase:firebase-firestore:25.1.1] AndroidManifest.xml:18:17-122
142                android:value="com.google.firebase.components.ComponentRegistrar" />
142-->[com.google.firebase:firebase-firestore:25.1.1] AndroidManifest.xml:19:17-82
143            <meta-data
143-->[com.google.firebase:firebase-firestore:25.1.1] AndroidManifest.xml:20:13-22:85
144                android:name="com.google.firebase.components:com.google.firebase.firestore.FirestoreRegistrar"
144-->[com.google.firebase:firebase-firestore:25.1.1] AndroidManifest.xml:21:17-111
145                android:value="com.google.firebase.components.ComponentRegistrar" />
145-->[com.google.firebase:firebase-firestore:25.1.1] AndroidManifest.xml:22:17-82
146            <meta-data
146-->[com.google.firebase:firebase-config:22.0.1] AndroidManifest.xml:29:13-31:85
147                android:name="com.google.firebase.components:com.google.firebase.remoteconfig.FirebaseRemoteConfigKtxRegistrar"
147-->[com.google.firebase:firebase-config:22.0.1] AndroidManifest.xml:30:17-128
148                android:value="com.google.firebase.components.ComponentRegistrar" />
148-->[com.google.firebase:firebase-config:22.0.1] AndroidManifest.xml:31:17-82
149            <meta-data
149-->[com.google.firebase:firebase-config:22.0.1] AndroidManifest.xml:32:13-34:85
150                android:name="com.google.firebase.components:com.google.firebase.remoteconfig.RemoteConfigRegistrar"
150-->[com.google.firebase:firebase-config:22.0.1] AndroidManifest.xml:33:17-117
151                android:value="com.google.firebase.components.ComponentRegistrar" />
151-->[com.google.firebase:firebase-config:22.0.1] AndroidManifest.xml:34:17-82
152            <meta-data
152-->[com.google.firebase:firebase-installations:18.0.0] AndroidManifest.xml:15:13-17:85
153                android:name="com.google.firebase.components:com.google.firebase.installations.FirebaseInstallationsKtxRegistrar"
153-->[com.google.firebase:firebase-installations:18.0.0] AndroidManifest.xml:16:17-130
154                android:value="com.google.firebase.components.ComponentRegistrar" />
154-->[com.google.firebase:firebase-installations:18.0.0] AndroidManifest.xml:17:17-82
155            <meta-data
155-->[com.google.firebase:firebase-installations:18.0.0] AndroidManifest.xml:18:13-20:85
156                android:name="com.google.firebase.components:com.google.firebase.installations.FirebaseInstallationsRegistrar"
156-->[com.google.firebase:firebase-installations:18.0.0] AndroidManifest.xml:19:17-127
157                android:value="com.google.firebase.components.ComponentRegistrar" />
157-->[com.google.firebase:firebase-installations:18.0.0] AndroidManifest.xml:20:17-82
158            <meta-data
158-->[com.google.firebase:firebase-common-ktx:21.0.0] AndroidManifest.xml:12:13-14:85
159                android:name="com.google.firebase.components:com.google.firebase.ktx.FirebaseCommonLegacyRegistrar"
159-->[com.google.firebase:firebase-common-ktx:21.0.0] AndroidManifest.xml:13:17-116
160                android:value="com.google.firebase.components.ComponentRegistrar" />
160-->[com.google.firebase:firebase-common-ktx:21.0.0] AndroidManifest.xml:14:17-82
161            <meta-data
161-->[com.google.firebase:firebase-datatransport:18.1.8] AndroidManifest.xml:27:13-29:85
162                android:name="com.google.firebase.components:com.google.firebase.datatransport.TransportRegistrar"
162-->[com.google.firebase:firebase-datatransport:18.1.8] AndroidManifest.xml:28:17-115
163                android:value="com.google.firebase.components.ComponentRegistrar" />
163-->[com.google.firebase:firebase-datatransport:18.1.8] AndroidManifest.xml:29:17-82
164            <meta-data
164-->[com.google.firebase:firebase-common:21.0.0] AndroidManifest.xml:35:13-37:85
165                android:name="com.google.firebase.components:com.google.firebase.FirebaseCommonKtxRegistrar"
165-->[com.google.firebase:firebase-common:21.0.0] AndroidManifest.xml:36:17-109
166                android:value="com.google.firebase.components.ComponentRegistrar" />
166-->[com.google.firebase:firebase-common:21.0.0] AndroidManifest.xml:37:17-82
167            <meta-data
167-->[com.google.firebase:firebase-abt:21.1.1] AndroidManifest.xml:12:13-14:85
168                android:name="com.google.firebase.components:com.google.firebase.abt.component.AbtRegistrar"
168-->[com.google.firebase:firebase-abt:21.1.1] AndroidManifest.xml:13:17-109
169                android:value="com.google.firebase.components.ComponentRegistrar" />
169-->[com.google.firebase:firebase-abt:21.1.1] AndroidManifest.xml:14:17-82
170        </service>
171
172        <meta-data
172-->[:google_mobile_ads] AndroidManifest.xml:10:9-12:36
173            android:name="io.flutter.embedded_views_preview"
173-->[:google_mobile_ads] AndroidManifest.xml:11:13-61
174            android:value="true" />
174-->[:google_mobile_ads] AndroidManifest.xml:12:13-33
175        <!--
176           Declares a provider which allows us to store files to share in
177           '.../caches/share_plus' and grant the receiving action access
178        -->
179        <provider
179-->[:share_plus] AndroidManifest.xml:13:9-21:20
180            android:name="dev.fluttercommunity.plus.share.ShareFileProvider"
180-->[:share_plus] AndroidManifest.xml:14:13-77
181            android:authorities="com.mycompany.quizzapp.flutter.share_provider"
181-->[:share_plus] AndroidManifest.xml:15:13-74
182            android:exported="false"
182-->[:share_plus] AndroidManifest.xml:16:13-37
183            android:grantUriPermissions="true" >
183-->[:share_plus] AndroidManifest.xml:17:13-47
184            <meta-data
184-->[:share_plus] AndroidManifest.xml:18:13-20:68
185                android:name="android.support.FILE_PROVIDER_PATHS"
185-->[:share_plus] AndroidManifest.xml:19:17-67
186                android:resource="@xml/flutter_share_file_paths" />
186-->[:share_plus] AndroidManifest.xml:20:17-65
187        </provider>
188        <!--
189           This manifest declared broadcast receiver allows us to use an explicit
190           Intent when creating a PendingItent to be informed of the user's choice
191        -->
192        <receiver
192-->[:share_plus] AndroidManifest.xml:26:9-32:20
193            android:name="dev.fluttercommunity.plus.share.SharePlusPendingIntent"
193-->[:share_plus] AndroidManifest.xml:27:13-82
194            android:exported="false" >
194-->[:share_plus] AndroidManifest.xml:28:13-37
195            <intent-filter>
195-->[:share_plus] AndroidManifest.xml:29:13-31:29
196                <action android:name="EXTRA_CHOSEN_COMPONENT" />
196-->[:share_plus] AndroidManifest.xml:30:17-65
196-->[:share_plus] AndroidManifest.xml:30:25-62
197            </intent-filter>
198        </receiver>
199
200        <activity
200-->[:url_launcher_android] AndroidManifest.xml:8:9-11:74
201            android:name="io.flutter.plugins.urllauncher.WebViewActivity"
201-->[:url_launcher_android] AndroidManifest.xml:9:13-74
202            android:exported="false"
202-->[:url_launcher_android] AndroidManifest.xml:10:13-37
203            android:theme="@android:style/Theme.NoTitleBar.Fullscreen" />
203-->[:url_launcher_android] AndroidManifest.xml:11:13-71
204
205        <service
205-->[com.google.firebase:firebase-sessions:2.0.0] AndroidManifest.xml:22:9-25:40
206            android:name="com.google.firebase.sessions.SessionLifecycleService"
206-->[com.google.firebase:firebase-sessions:2.0.0] AndroidManifest.xml:23:13-80
207            android:enabled="true"
207-->[com.google.firebase:firebase-sessions:2.0.0] AndroidManifest.xml:24:13-35
208            android:exported="false" />
208-->[com.google.firebase:firebase-sessions:2.0.0] AndroidManifest.xml:25:13-37
209        <service
209-->[com.google.android.datatransport:transport-backend-cct:3.1.9] AndroidManifest.xml:28:9-34:19
210            android:name="com.google.android.datatransport.runtime.backends.TransportBackendDiscovery"
210-->[com.google.android.datatransport:transport-backend-cct:3.1.9] AndroidManifest.xml:29:13-103
211            android:exported="false" >
211-->[com.google.android.datatransport:transport-backend-cct:3.1.9] AndroidManifest.xml:30:13-37
212            <meta-data
212-->[com.google.android.datatransport:transport-backend-cct:3.1.9] AndroidManifest.xml:31:13-33:39
213                android:name="backend:com.google.android.datatransport.cct.CctBackendFactory"
213-->[com.google.android.datatransport:transport-backend-cct:3.1.9] AndroidManifest.xml:32:17-94
214                android:value="cct" />
214-->[com.google.android.datatransport:transport-backend-cct:3.1.9] AndroidManifest.xml:33:17-36
215        </service>
216
217        <activity
217-->[com.google.android.gms:play-services-base:18.0.1] AndroidManifest.xml:20:9-22:45
218            android:name="com.google.android.gms.common.api.GoogleApiActivity"
218-->[com.google.android.gms:play-services-base:18.0.1] AndroidManifest.xml:20:19-85
219            android:exported="false"
219-->[com.google.android.gms:play-services-base:18.0.1] AndroidManifest.xml:22:19-43
220            android:theme="@android:style/Theme.Translucent.NoTitleBar" /> <!-- Include the AdActivity and InAppPurchaseActivity configChanges and themes. -->
220-->[com.google.android.gms:play-services-base:18.0.1] AndroidManifest.xml:21:19-78
221        <activity
221-->[com.google.android.gms:play-services-ads-lite:23.0.0] AndroidManifest.xml:56:9-61:43
222            android:name="com.google.android.gms.ads.AdActivity"
222-->[com.google.android.gms:play-services-ads-lite:23.0.0] AndroidManifest.xml:57:13-65
223            android:configChanges="keyboard|keyboardHidden|orientation|screenLayout|uiMode|screenSize|smallestScreenSize"
223-->[com.google.android.gms:play-services-ads-lite:23.0.0] AndroidManifest.xml:58:13-122
224            android:exported="false"
224-->[com.google.android.gms:play-services-ads-lite:23.0.0] AndroidManifest.xml:59:13-37
225            android:theme="@android:style/Theme.Translucent" />
225-->[com.google.android.gms:play-services-ads-lite:23.0.0] AndroidManifest.xml:60:13-61
226
227        <provider
227-->[com.google.android.gms:play-services-ads-lite:23.0.0] AndroidManifest.xml:63:9-68:43
228            android:name="com.google.android.gms.ads.MobileAdsInitProvider"
228-->[com.google.android.gms:play-services-ads-lite:23.0.0] AndroidManifest.xml:64:13-76
229            android:authorities="com.mycompany.quizzapp.mobileadsinitprovider"
229-->[com.google.android.gms:play-services-ads-lite:23.0.0] AndroidManifest.xml:65:13-73
230            android:exported="false"
230-->[com.google.android.gms:play-services-ads-lite:23.0.0] AndroidManifest.xml:66:13-37
231            android:initOrder="100" />
231-->[com.google.android.gms:play-services-ads-lite:23.0.0] AndroidManifest.xml:67:13-36
232
233        <service
233-->[com.google.android.gms:play-services-ads-lite:23.0.0] AndroidManifest.xml:70:9-74:43
234            android:name="com.google.android.gms.ads.AdService"
234-->[com.google.android.gms:play-services-ads-lite:23.0.0] AndroidManifest.xml:71:13-64
235            android:enabled="true"
235-->[com.google.android.gms:play-services-ads-lite:23.0.0] AndroidManifest.xml:72:13-35
236            android:exported="false" />
236-->[com.google.android.gms:play-services-ads-lite:23.0.0] AndroidManifest.xml:73:13-37
237
238        <activity
238-->[com.google.android.gms:play-services-ads-lite:23.0.0] AndroidManifest.xml:76:9-80:43
239            android:name="com.google.android.gms.ads.OutOfContextTestingActivity"
239-->[com.google.android.gms:play-services-ads-lite:23.0.0] AndroidManifest.xml:77:13-82
240            android:configChanges="keyboard|keyboardHidden|orientation|screenLayout|uiMode|screenSize|smallestScreenSize"
240-->[com.google.android.gms:play-services-ads-lite:23.0.0] AndroidManifest.xml:78:13-122
241            android:exported="false" />
241-->[com.google.android.gms:play-services-ads-lite:23.0.0] AndroidManifest.xml:79:13-37
242        <activity
242-->[com.google.android.gms:play-services-ads-lite:23.0.0] AndroidManifest.xml:81:9-88:43
243            android:name="com.google.android.gms.ads.NotificationHandlerActivity"
243-->[com.google.android.gms:play-services-ads-lite:23.0.0] AndroidManifest.xml:82:13-82
244            android:excludeFromRecents="true"
244-->[com.google.android.gms:play-services-ads-lite:23.0.0] AndroidManifest.xml:83:13-46
245            android:exported="false"
245-->[com.google.android.gms:play-services-ads-lite:23.0.0] AndroidManifest.xml:84:13-37
246            android:launchMode="singleTask"
246-->[com.google.android.gms:play-services-ads-lite:23.0.0] AndroidManifest.xml:85:13-44
247            android:taskAffinity=""
247-->[com.google.android.gms:play-services-ads-lite:23.0.0] AndroidManifest.xml:86:13-36
248            android:theme="@android:style/Theme.Translucent.NoTitleBar" />
248-->[com.google.android.gms:play-services-ads-lite:23.0.0] AndroidManifest.xml:87:13-72
249
250        <property
250-->[com.google.android.gms:play-services-ads-lite:23.0.0] AndroidManifest.xml:90:9-92:62
251            android:name="android.adservices.AD_SERVICES_CONFIG"
251-->[com.google.android.gms:play-services-ads-lite:23.0.0] AndroidManifest.xml:91:13-65
252            android:resource="@xml/gma_ad_services_config" />
252-->[com.google.android.gms:play-services-ads-lite:23.0.0] AndroidManifest.xml:92:13-59
253
254        <provider
254-->[com.google.firebase:firebase-common:21.0.0] AndroidManifest.xml:23:9-28:39
255            android:name="com.google.firebase.provider.FirebaseInitProvider"
255-->[com.google.firebase:firebase-common:21.0.0] AndroidManifest.xml:24:13-77
256            android:authorities="com.mycompany.quizzapp.firebaseinitprovider"
256-->[com.google.firebase:firebase-common:21.0.0] AndroidManifest.xml:25:13-72
257            android:directBootAware="true"
257-->[com.google.firebase:firebase-common:21.0.0] AndroidManifest.xml:26:13-43
258            android:exported="false"
258-->[com.google.firebase:firebase-common:21.0.0] AndroidManifest.xml:27:13-37
259            android:initOrder="100" />
259-->[com.google.firebase:firebase-common:21.0.0] AndroidManifest.xml:28:13-36
260        <provider
260-->[androidx.work:work-runtime:2.7.0] AndroidManifest.xml:31:9-39:20
261            android:name="androidx.startup.InitializationProvider"
261-->[androidx.work:work-runtime:2.7.0] AndroidManifest.xml:32:13-67
262            android:authorities="com.mycompany.quizzapp.androidx-startup"
262-->[androidx.work:work-runtime:2.7.0] AndroidManifest.xml:33:13-68
263            android:exported="false" >
263-->[androidx.work:work-runtime:2.7.0] AndroidManifest.xml:34:13-37
264            <meta-data
264-->[androidx.work:work-runtime:2.7.0] AndroidManifest.xml:36:13-38:52
265                android:name="androidx.work.WorkManagerInitializer"
265-->[androidx.work:work-runtime:2.7.0] AndroidManifest.xml:37:17-68
266                android:value="androidx.startup" />
266-->[androidx.work:work-runtime:2.7.0] AndroidManifest.xml:38:17-49
267            <meta-data
267-->[androidx.lifecycle:lifecycle-process:2.7.0] AndroidManifest.xml:29:13-31:52
268                android:name="androidx.lifecycle.ProcessLifecycleInitializer"
268-->[androidx.lifecycle:lifecycle-process:2.7.0] AndroidManifest.xml:30:17-78
269                android:value="androidx.startup" />
269-->[androidx.lifecycle:lifecycle-process:2.7.0] AndroidManifest.xml:31:17-49
270            <meta-data
270-->[androidx.profileinstaller:profileinstaller:1.3.1] AndroidManifest.xml:29:13-31:52
271                android:name="androidx.profileinstaller.ProfileInstallerInitializer"
271-->[androidx.profileinstaller:profileinstaller:1.3.1] AndroidManifest.xml:30:17-85
272                android:value="androidx.startup" />
272-->[androidx.profileinstaller:profileinstaller:1.3.1] AndroidManifest.xml:31:17-49
273        </provider>
274
275        <service
275-->[androidx.work:work-runtime:2.7.0] AndroidManifest.xml:41:9-46:35
276            android:name="androidx.work.impl.background.systemalarm.SystemAlarmService"
276-->[androidx.work:work-runtime:2.7.0] AndroidManifest.xml:42:13-88
277            android:directBootAware="false"
277-->[androidx.work:work-runtime:2.7.0] AndroidManifest.xml:43:13-44
278            android:enabled="@bool/enable_system_alarm_service_default"
278-->[androidx.work:work-runtime:2.7.0] AndroidManifest.xml:44:13-72
279            android:exported="false" />
279-->[androidx.work:work-runtime:2.7.0] AndroidManifest.xml:45:13-37
280        <service
280-->[androidx.work:work-runtime:2.7.0] AndroidManifest.xml:47:9-53:35
281            android:name="androidx.work.impl.background.systemjob.SystemJobService"
281-->[androidx.work:work-runtime:2.7.0] AndroidManifest.xml:48:13-84
282            android:directBootAware="false"
282-->[androidx.work:work-runtime:2.7.0] AndroidManifest.xml:49:13-44
283            android:enabled="@bool/enable_system_job_service_default"